<?xml version="1.0" encoding="UTF-8"?>
<!-- Generated by org.testng.reporters.JUnitXMLReporter -->
<testsuite ignored="0" hostname="DESKTOP-Q6T9RQG" failures="0" tests="3" name="Default test" time="11.048" errors="0" timestamp="2024-12-03T15:19:09 IST">
  <testcase classname="com.jenkinsss.jen.testclass1" name="Test1" time="1.601"/>
  <testcase classname="com.jenkinsss.jen.testclass1" name="Test2" time="1.594"/>
  <testcase classname="com.jenkinsss.jen.testclass1" name="Test3" time="1.644"/>
</testsuite> <!-- Default test -->
