<?xml version="1.0" encoding="UTF-8"?>
<!-- Generated by org.testng.reporters.JUnitXMLReporter -->
<testsuite ignored="0" hostname="DESKTOP-Q6T9RQG" failures="0" tests="3" name="Default test" time="16.29" errors="0" timestamp="2024-12-04T15:11:04 IST">
  <testcase classname="com.jenkinsss.jen.testclass1_Test" name="Test1" time="2.431"/>
  <testcase classname="com.jenkinsss.jen.testclass1_Test" name="Test2" time="2.508"/>
  <testcase classname="com.jenkinsss.jen.testclass1_Test" name="Test3" time="2.287"/>
</testsuite> <!-- Default test -->
