<?xml version="1.0" encoding="UTF-8"?>
<!-- Generated by org.testng.reporters.JUnitXMLReporter -->
<testsuite ignored="0" hostname="DESKTOP-Q6T9RQG" failures="0" tests="3" name="Test" time="19.48" errors="0" timestamp="2024-12-04T15:04:55 IST">
  <testcase classname="com.jenkinsss.jen.testclass1" name="Test1" time="2.617"/>
  <testcase classname="com.jenkinsss.jen.testclass1" name="Test2" time="2.304"/>
  <testcase classname="com.jenkinsss.jen.testclass1" name="Test3" time="3.119"/>
</testsuite> <!-- Test -->
