<?xml version="1.0" encoding="UTF-8"?>
<!-- Generated by org.testng.reporters.JUnitXMLReporter -->
<testsuite ignored="0" hostname="DESKTOP-Q6T9RQG" failures="0" tests="3" name="Test" time="9.251" errors="0" timestamp="2024-12-04T15:56:08 IST">
  <testcase classname="com.jenkinsss.jen.TestClass1_Test" name="test1" time="1.514"/>
  <testcase classname="com.jenkinsss.jen.TestClass1_Test" name="test2" time="1.395"/>
  <testcase classname="com.jenkinsss.jen.TestClass1_Test" name="test3" time="1.757"/>
</testsuite> <!-- Test -->
