<?xml version="1.0" encoding="UTF-8"?>
<testng-results ignored="0" total="3" passed="3" failed="0" skipped="0">
  <reporter-output>
  </reporter-output>
  <suite started-at="2024-12-04T15:55:59 IST" name="Suite" finished-at="2024-12-04T15:56:08 IST" duration-ms="9251">
    <groups>
    </groups>
    <test started-at="2024-12-04T15:55:59 IST" name="Test" finished-at="2024-12-04T15:56:08 IST" duration-ms="9251">
      <class name="com.jenkinsss.jen.TestClass1_Test">
        <test-method is-config="true" signature="launchDriver()[pri:0, instance:com.jenkinsss.jen.TestClass1_Test@4f209819]" started-at="2024-12-04T15:55:59 IST" name="launchDriver" finished-at="2024-12-04T15:56:01 IST" duration-ms="2347" status="PASS">
          <reporter-output>
          </reporter-output>
        </test-method> <!-- launchDriver -->
        <test-method signature="test1()[pri:0, instance:com.jenkinsss.jen.TestClass1_Test@4f209819]" started-at="2024-12-04T15:56:01 IST" name="test1" finished-at="2024-12-04T15:56:03 IST" duration-ms="1514" status="PASS">
          <reporter-output>
          </reporter-output>
        </test-method> <!-- test1 -->
        <test-method is-config="true" signature="quitDriver()[pri:0, instance:com.jenkinsss.jen.TestClass1_Test@4f209819]" started-at="2024-12-04T15:56:03 IST" name="quitDriver" finished-at="2024-12-04T15:56:03 IST" duration-ms="231" status="PASS">
          <reporter-output>
          </reporter-output>
        </test-method> <!-- quitDriver -->
        <test-method is-config="true" signature="launchDriver()[pri:0, instance:com.jenkinsss.jen.TestClass1_Test@4f209819]" started-at="2024-12-04T15:56:03 IST" name="launchDriver" finished-at="2024-12-04T15:56:04 IST" duration-ms="883" status="PASS">
          <reporter-output>
          </reporter-output>
        </test-method> <!-- launchDriver -->
        <test-method signature="test2()[pri:0, instance:com.jenkinsss.jen.TestClass1_Test@4f209819]" started-at="2024-12-04T15:56:04 IST" name="test2" finished-at="2024-12-04T15:56:05 IST" duration-ms="1395" status="PASS">
          <reporter-output>
          </reporter-output>
        </test-method> <!-- test2 -->
        <test-method is-config="true" signature="quitDriver()[pri:0, instance:com.jenkinsss.jen.TestClass1_Test@4f209819]" started-at="2024-12-04T15:56:05 IST" name="quitDriver" finished-at="2024-12-04T15:56:05 IST" duration-ms="150" status="PASS">
          <reporter-output>
          </reporter-output>
        </test-method> <!-- quitDriver -->
        <test-method is-config="true" signature="launchDriver()[pri:0, instance:com.jenkinsss.jen.TestClass1_Test@4f209819]" started-at="2024-12-04T15:56:05 IST" name="launchDriver" finished-at="2024-12-04T15:56:06 IST" duration-ms="754" status="PASS">
          <reporter-output>
          </reporter-output>
        </test-method> <!-- launchDriver -->
        <test-method signature="test3()[pri:0, instance:com.jenkinsss.jen.TestClass1_Test@4f209819]" started-at="2024-12-04T15:56:06 IST" name="test3" finished-at="2024-12-04T15:56:08 IST" duration-ms="1757" status="PASS">
          <reporter-output>
          </reporter-output>
        </test-method> <!-- test3 -->
        <test-method is-config="true" signature="quitDriver()[pri:0, instance:com.jenkinsss.jen.TestClass1_Test@4f209819]" started-at="2024-12-04T15:56:08 IST" name="quitDriver" finished-at="2024-12-04T15:56:08 IST" duration-ms="156" status="PASS">
          <reporter-output>
          </reporter-output>
        </test-method> <!-- quitDriver -->
      </class> <!-- com.jenkinsss.jen.TestClass1_Test -->
    </test> <!-- Test -->
  </suite> <!-- Suite -->
</testng-results>
